<?xml version="1.0" encoding="UTF-8"?>
<!-- Generated by org.testng.reporters.JUnitReportReporter -->
<testsuite hostname="Kanchan" failures="0" tests="2" name="pom.Purchaseorder_page" time="213.055" errors="0" timestamp="24 Jul 2019 02:57:23 GMT" skipped="0">
  <testcase classname="pom.Purchaseorder_page" name="login" time="24.895"/>
  <testcase classname="pom.Purchaseorder_page" name="searchproduct" time="188.160"/>
</testsuite> <!-- pom.Purchaseorder_page -->
