<?xml version="1.0" encoding="UTF-8"?>
<!-- Generated by org.testng.reporters.JUnitReportReporter -->
<testsuite hostname="Kanchan" failures="0" tests="2" name="pom.Purchaseorder_page" time="64.676" errors="0" timestamp="22 Jul 2019 18:25:28 GMT" skipped="0">
  <testcase classname="pom.Purchaseorder_page" name="login" time="51.524"/>
  <testcase classname="pom.Purchaseorder_page" name="searchproduct" time="13.152"/>
</testsuite> <!-- pom.Purchaseorder_page -->
