<?xml version="1.0" encoding="UTF-8"?>
<!-- Generated by org.testng.reporters.JUnitReportReporter -->
<testsuite hostname="Kanchan" failures="0" tests="2" name="pom.Purchaseorder_page" time="54.680" errors="0" timestamp="23 Jul 2019 04:18:56 GMT" skipped="0">
  <testcase classname="pom.Purchaseorder_page" name="searchproduct" time="17.578"/>
  <testcase classname="pom.Purchaseorder_page" name="login" time="37.102"/>
</testsuite> <!-- pom.Purchaseorder_page -->
