<?xml version="1.0" encoding="UTF-8"?>
<!-- Generated by org.testng.reporters.JUnitReportReporter -->
<testsuite hostname="Kanchan" failures="0" tests="1" name="pom.Login_page" time="50.129" errors="0" timestamp="22 Jul 2019 17:45:14 GMT" skipped="0">
  <testcase classname="pom.Login_page" name="login" time="50.129"/>
</testsuite> <!-- pom.Login_page -->
